\BOOKMARK [0][]{Contents.0}{\376\377\000T\000a\000b\000l\000e\000\040\000o\000f\000\040\000c\000o\000n\000t\000e\000n\000t\000s}{}% 1
\BOOKMARK [0][]{chapter*.5}{\376\377\000L\000i\000s\000t\000\040\000o\000f\000\040\000f\000i\000g\000u\000r\000e\000s}{}% 2
\BOOKMARK [0][]{chapter*.6}{\376\377\000L\000i\000s\000t\000\040\000o\000f\000\040\000t\000a\000b\000l\000e\000s}{}% 3
\BOOKMARK [0][]{chapter.1}{\376\377\0001\000\040\000I\000n\000t\000r\000o\000d\000u\000c\000t\000i\000o\000n}{}% 4
\BOOKMARK [1][]{section.1.1}{\376\377\0001\000.\0001\000\040\000H\000e\000a\000d\000i\000n\000g\000\040\0001}{chapter.1}% 5
\BOOKMARK [2][]{subsection.1.1.1}{\376\377\0001\000.\0001\000.\0001\000\040\000H\000e\000a\000d\000i\000n\000g\000\040\0002}{section.1.1}% 6
\BOOKMARK [1][]{section.1.2}{\376\377\0001\000.\0002\000\040\000H\000e\000a\000d\000i\000n\000g\000\040\0001\000\040\000w\000i\000t\000h\000\040\000r\000e\000f\000e\000r\000e\000n\000c\000e\000s}{chapter.1}% 7
\BOOKMARK [0][]{chapter.2}{\376\377\0002\000\040\000E\000q\000u\000a\000t\000i\000o\000n\000s\000,\000\040\000i\000m\000a\000g\000e\000s\000\040\000a\000n\000d\000\040\000a\000l\000g\000o\000r\000i\000t\000h\000m\000s}{}% 8
\BOOKMARK [1][]{section.2.1}{\376\377\0002\000.\0001\000\040\000I\000m\000a\000g\000e\000\040\000w\000i\000t\000h\000\040\000t\000i\000k\000z\000\040\000l\000a\000b\000e\000l}{chapter.2}% 9
\BOOKMARK [2][]{subsection.2.1.1}{\376\377\0002\000.\0001\000.\0001\000\040\000E\000q\000u\000a\000t\000i\000o\000n\000\040\0001}{section.2.1}% 10
\BOOKMARK [2][]{subsection.2.1.2}{\376\377\0002\000.\0001\000.\0002\000\040\000C\000r\000o\000s\000s\000\040\000r\000e\000f\000e\000r\000e\000n\000c\000e\000\040\000e\000q\000u\000a\000t\000i\000o\000n\000s\000\040\000a\000n\000d\000\040\000i\000m\000a\000g\000e\000s}{section.2.1}% 11
\BOOKMARK [1][]{section.2.2}{\376\377\0002\000.\0002\000\040\000T\000w\000o\000\040\000i\000m\000a\000g\000e\000s\000\040\000i\000n\000\040\000t\000h\000e\000\040\000s\000a\000m\000e\000\040\000r\000o\000w}{chapter.2}% 12
\BOOKMARK [1][]{section.2.3}{\376\377\0002\000.\0003\000\040\0003\000\040\000i\000m\000a\000g\000e\000s\000\040\000i\000n\000\040\000t\000h\000e\000\040\000s\000a\000m\000e\000\040\000r\000o\000w}{chapter.2}% 13
\BOOKMARK [1][]{section.2.4}{\376\377\0002\000.\0004\000\040\000A\000l\000g\000o\000r\000t\000i\000h\000m}{chapter.2}% 14
\BOOKMARK [0][]{chapter.3}{\376\377\0003\000\040\000T\000a\000b\000l\000e\000s\000\040\000a\000n\000d\000\040\000m\000o\000r\000e\000\040\000e\000q\000u\000a\000t\000i\000o\000n\000s}{}% 15
\BOOKMARK [1][]{section.3.1}{\376\377\0003\000.\0001\000\040\000S\000i\000m\000p\000l\000e\000\040\000t\000a\000b\000l\000e}{chapter.3}% 16
\BOOKMARK [1][]{section.3.2}{\376\377\0003\000.\0002\000\040\000E\000q\000u\000a\000t\000i\000o\000n\000\040\000w\000i\000t\000h\000\040\000b\000r\000a\000c\000k\000e\000t}{chapter.3}% 17
\BOOKMARK [1][]{section.3.3}{\376\377\0003\000.\0003\000\040\000A\000l\000i\000g\000n\000i\000n\000g\000\040\000e\000q\000u\000a\000t\000i\000o\000n\000s}{chapter.3}% 18
\BOOKMARK [1][]{section.3.4}{\376\377\0003\000.\0004\000\040\000A\000n\000o\000t\000h\000e\000r\000\040\000t\000a\000b\000l\000e}{chapter.3}% 19
\BOOKMARK [0][]{chapter*.14}{\376\377\000R\000e\000f\000e\000r\000e\000n\000c\000e\000s}{}% 20
\BOOKMARK [0][]{Appendix.a.A}{\376\377\000A\000p\000p\000e\000n\000d\000i\000x\000\040\000A\000\040\000P\000r\000o\000j\000e\000c\000t\000\040\000p\000l\000a\000n}{}% 21
\BOOKMARK [0][]{Appendix.a.B}{\376\377\000A\000p\000p\000e\000n\000d\000i\000x\000\040\000B\000\040\000T\000i\000t\000l\000e}{}% 22
